<?xml version="1.0" encoding="UTF-8"?>
<!-- Generated by org.testng.reporters.JUnitReportReporter -->
<testsuite skipped="0" hostname="WINDOWS-9PLK0EF" name="dev.backup.ravi.assignment.testng.billpayment.BillPayment" tests="3" failures="0" timestamp="03 Oct 2018 04:26:15 GMT" time="51.413" errors="0">
  <testcase name="validate_bill_payment_link" time="19.945" classname="dev.backup.ravi.assignment.testng.billpayment.BillPayment"/>
  <testcase name="validate_bill_payment" time="22.094" classname="dev.backup.ravi.assignment.testng.billpayment.BillPayment"/>
  <testcase name="init_bill_pay_locators" time="9.374" classname="dev.backup.ravi.assignment.testng.billpayment.BillPayment"/>
</testsuite> <!-- dev.backup.ravi.assignment.testng.billpayment.BillPayment -->
