<?xml version="1.0" encoding="UTF-8"?>
<!-- Generated by org.testng.reporters.JUnitReportReporter -->
<testsuite skipped="0" hostname="WINDOWS-9PLK0EF" name="dev.backup.ravi.assignment.java.DataProviderApproch" tests="4" failures="0" timestamp="05 Oct 2018 16:35:45 GMT" time="156.163" errors="0">
  <testcase name="testdata" time="27.419" classname="dev.backup.ravi.assignment.java.DataProviderApproch"/>
  <testcase name="testdata" time="40.120" classname="dev.backup.ravi.assignment.java.DataProviderApproch"/>
  <testcase name="testdata" time="26.496" classname="dev.backup.ravi.assignment.java.DataProviderApproch"/>
  <testcase name="testdata" time="62.128" classname="dev.backup.ravi.assignment.java.DataProviderApproch"/>
</testsuite> <!-- dev.backup.ravi.assignment.java.DataProviderApproch -->
