<?xml version="1.0" encoding="UTF-8"?>
<!-- Generated by org.testng.reporters.JUnitReportReporter -->
<testsuite skipped="0" hostname="WINDOWS-9PLK0EF" name="dev.backup.ravi.assignment.testng.TC_Bill_Pay" tests="1" failures="0" timestamp="05 Oct 2018 06:12:28 GMT" time="29.066" errors="0">
  <testcase name="click_validate_bill_pay_link" time="29.066" classname="dev.backup.ravi.assignment.testng.TC_Bill_Pay"/>
</testsuite> <!-- dev.backup.ravi.assignment.testng.TC_Bill_Pay -->
