<?xml version="1.0" encoding="UTF-8"?>
<!-- Generated by org.testng.reporters.JUnitReportReporter -->
<testsuite skipped="0" hostname="WINDOWS-9PLK0EF" name="dev.backup.ravi.assignment.testng.billpayment.OpenNewAccount1" tests="2" failures="0" timestamp="05 Oct 2018 04:24:38 GMT" time="58.795" errors="0">
  <testcase name="valiadte_new_Account" time="35.514" classname="dev.backup.ravi.assignment.testng.billpayment.OpenNewAccount1"/>
  <testcase name="verify_new_account_link" time="23.281" classname="dev.backup.ravi.assignment.testng.billpayment.OpenNewAccount1"/>
</testsuite> <!-- dev.backup.ravi.assignment.testng.billpayment.OpenNewAccount1 -->
